This file contains any messages produced by compilers while
running configure, to aid debugging if configure makes a mistake.

It was created by alt_logger configure 3.0.1, which was
generated by GNU Autoconf 2.69.  Invocation command line was

  $ ./configure --host=i686-w64-mingw32 --prefix=/home/shared/ROOTWIN

## --------- ##
## Platform. ##
## --------- ##

hostname = tesseract
uname -m = x86_64
uname -r = 4.18.16-300.fc29.x86_64
uname -s = Linux
uname -v = #1 SMP Sat Oct 20 23:24:08 UTC 2018

/usr/bin/uname -p = x86_64
/bin/uname -X     = unknown

/bin/arch              = x86_64
/usr/bin/arch -k       = unknown
/usr/convex/getsysinfo = unknown
/usr/bin/hostinfo      = unknown
/bin/machine           = unknown
/usr/bin/oslevel       = unknown
/bin/universe          = unknown

PATH: /usr/share/Modules/bin
PATH: /usr/lib64/ccache
PATH: /usr/local/sbin
PATH: /usr/local/bin
PATH: /usr/sbin
PATH: /usr/bin
PATH: /sbin
PATH: /bin


## ----------- ##
## Core tests. ##
## ----------- ##

configure:2406: checking for a BSD-compatible install
configure:2474: result: /usr/bin/install -c
configure:2485: checking whether build environment is sane
configure:2540: result: yes
configure:2599: checking for i686-w64-mingw32-strip
configure:2615: found /usr/bin/i686-w64-mingw32-strip
configure:2626: result: i686-w64-mingw32-strip
configure:2691: checking for a thread-safe mkdir -p
configure:2730: result: /usr/bin/mkdir -p
configure:2737: checking for gawk
configure:2753: found /usr/bin/gawk
configure:2764: result: gawk
configure:2775: checking whether make sets $(MAKE)
configure:2797: result: yes
configure:2826: checking whether make supports nested variables
configure:2843: result: yes
configure:2971: checking whether to enable maintainer-specific portions of Makefiles
configure:2980: result: no
configure:3023: checking build system type
configure:3037: result: x86_64-pc-linux-gnu
configure:3057: checking host system type
configure:3070: result: i686-w64-mingw32
configure:3111: checking how to print strings
configure:3138: result: printf
configure:3163: checking whether make supports the include directive
configure:3178: make -f confmf.GNU && cat confinc.out
this is the am__doit target
configure:3181: $? = 0
configure:3200: result: yes (GNU style)
configure:3230: checking for i686-w64-mingw32-gcc
configure:3246: found /usr/lib64/ccache/i686-w64-mingw32-gcc
configure:3257: result: i686-w64-mingw32-gcc
configure:3526: checking for C compiler version
configure:3535: i686-w64-mingw32-gcc --version >&5
i686-w64-mingw32-gcc (GCC) 8.2.0 20180726 (Fedora MinGW 8.2.0-3.fc29)
Copyright (C) 2018 Free Software Foundation, Inc.
This is free software; see the source for copying conditions.  There is NO
warranty; not even for MERCHANTABILITY or FITNESS FOR A PARTICULAR PURPOSE.

configure:3546: $? = 0
configure:3535: i686-w64-mingw32-gcc -v >&5
Using built-in specs.
COLLECT_GCC=/usr/bin/i686-w64-mingw32-gcc
COLLECT_LTO_WRAPPER=/usr/libexec/gcc/i686-w64-mingw32/8.2.0/lto-wrapper
Target: i686-w64-mingw32
Configured with: ../configure --prefix=/usr --bindir=/usr/bin --includedir=/usr/include --mandir=/usr/share/man --infodir=/usr/share/info --datadir=/usr/share --build=x86_64-redhat-linux-gnu --host=x86_64-redhat-linux-gnu --with-gnu-as --with-gnu-ld --verbose --without-newlib --disable-multilib --disable-plugin --with-system-zlib --disable-nls --without-included-gettext --disable-win32-registry --enable-languages=c,c++,objc,obj-c++,fortran --with-bugurl=http://bugzilla.redhat.com/bugzilla --with-cloog --enable-threads=posix --enable-libgomp --target=i686-w64-mingw32 --with-sysroot=/usr/i686-w64-mingw32/sys-root --with-gxx-include-dir=/usr/i686-w64-mingw32/sys-root/mingw/include/c++
Thread model: posix
gcc version 8.2.0 20180726 (Fedora MinGW 8.2.0-3.fc29) (GCC) 
configure:3546: $? = 0
configure:3535: i686-w64-mingw32-gcc -V >&5
i686-w64-mingw32-gcc: error: unrecognized command line option '-V'
i686-w64-mingw32-gcc: fatal error: no input files
compilation terminated.
configure:3546: $? = 1
configure:3535: i686-w64-mingw32-gcc -qversion >&5
i686-w64-mingw32-gcc: error: unrecognized command line option '-qversion'; did you mean '--version'?
i686-w64-mingw32-gcc: fatal error: no input files
compilation terminated.
configure:3546: $? = 1
configure:3566: checking whether the C compiler works
configure:3588: i686-w64-mingw32-gcc    conftest.c  >&5
configure:3592: $? = 0
configure:3640: result: yes
configure:3643: checking for C compiler default output file name
configure:3645: result: a.exe
configure:3651: checking for suffix of executables
configure:3658: i686-w64-mingw32-gcc -o conftest.exe    conftest.c  >&5
configure:3662: $? = 0
configure:3684: result: .exe
configure:3706: checking whether we are cross compiling
configure:3714: i686-w64-mingw32-gcc -o conftest.exe    conftest.c  >&5
configure:3718: $? = 0
configure:3725: ./conftest.exe
000b:fixme:winediag:start_process Wine Staging 3.18 is a testing version containing experimental patches.
000b:fixme:winediag:start_process Please mention your exact version when filing bug reports on winehq.org.
configure:3729: $? = 0
configure:3744: result: no
configure:3749: checking for suffix of object files
configure:3771: i686-w64-mingw32-gcc -c   conftest.c >&5
configure:3775: $? = 0
configure:3796: result: o
configure:3800: checking whether we are using the GNU C compiler
configure:3819: i686-w64-mingw32-gcc -c   conftest.c >&5
configure:3819: $? = 0
configure:3828: result: yes
configure:3837: checking whether i686-w64-mingw32-gcc accepts -g
configure:3857: i686-w64-mingw32-gcc -c -g  conftest.c >&5
configure:3857: $? = 0
configure:3898: result: yes
configure:3915: checking for i686-w64-mingw32-gcc option to accept ISO C89
configure:3978: i686-w64-mingw32-gcc  -c -g -O2  conftest.c >&5
configure:3978: $? = 0
configure:3991: result: none needed
configure:4016: checking whether i686-w64-mingw32-gcc understands -c and -o together
configure:4038: i686-w64-mingw32-gcc -c conftest.c -o conftest2.o
configure:4041: $? = 0
configure:4038: i686-w64-mingw32-gcc -c conftest.c -o conftest2.o
configure:4041: $? = 0
configure:4053: result: yes
configure:4072: checking dependency style of i686-w64-mingw32-gcc
configure:4183: result: gcc3
configure:4198: checking for a sed that does not truncate output
configure:4262: result: /usr/bin/sed
configure:4280: checking for grep that handles long lines and -e
configure:4338: result: /usr/bin/grep
configure:4343: checking for egrep
configure:4405: result: /usr/bin/grep -E
configure:4410: checking for fgrep
configure:4472: result: /usr/bin/grep -F
configure:4507: checking for ld used by i686-w64-mingw32-gcc
configure:4574: result: /usr/i686-w64-mingw32/bin/ld
configure:4581: checking if the linker (/usr/i686-w64-mingw32/bin/ld) is GNU ld
configure:4596: result: yes
configure:4608: checking for BSD- or MS-compatible name lister (nm)
000d:err:menubuilder:init_xdg error looking up the desktop directory
configure:4662: result: /usr/bin/i686-w64-mingw32-nm -B
configure:4792: checking the name lister (/usr/bin/i686-w64-mingw32-nm -B) interface
configure:4799: i686-w64-mingw32-gcc -c -g -O2  conftest.c >&5
configure:4802: /usr/bin/i686-w64-mingw32-nm -B "conftest.o"
configure:4805: output
00000000 b .bss
00000000 d .data
00000000 N .debug_abbrev
00000000 N .debug_aranges
00000000 N .debug_info
00000000 N .debug_line
00000000 r .rdata$zzz
00000000 t .text
00000000 B _some_variable
configure:4812: result: BSD nm
configure:4815: checking whether ln -s works
configure:4819: result: yes
configure:4827: checking the maximum length of command line arguments
configure:4958: result: 1572864
configure:5006: checking how to convert x86_64-pc-linux-gnu file names to i686-w64-mingw32 format
configure:5046: result: func_convert_file_nix_to_w32
configure:5053: checking how to convert x86_64-pc-linux-gnu file names to toolchain format
configure:5073: result: func_convert_file_noop
configure:5080: checking for /usr/i686-w64-mingw32/bin/ld option to reload object files
configure:5087: result: -r
configure:5121: checking for i686-w64-mingw32-objdump
configure:5137: found /usr/bin/i686-w64-mingw32-objdump
configure:5148: result: i686-w64-mingw32-objdump
configure:5220: checking how to recognize dependent libraries
configure:5420: result: file_magic ^x86 archive import|^x86 DLL
configure:5465: checking for i686-w64-mingw32-dlltool
configure:5481: found /usr/bin/i686-w64-mingw32-dlltool
configure:5492: result: i686-w64-mingw32-dlltool
configure:5565: checking how to associate runtime and link libraries
configure:5592: result: func_cygming_dll_for_implib
configure:5609: checking for i686-w64-mingw32-ar
configure:5625: found /usr/bin/i686-w64-mingw32-ar
configure:5636: result: i686-w64-mingw32-ar
configure:5717: checking for archiver @FILE support
configure:5734: i686-w64-mingw32-gcc -c -g -O2  conftest.c >&5
configure:5734: $? = 0
configure:5737: i686-w64-mingw32-ar cru libconftest.a @conftest.lst >&5
configure:5740: $? = 0
configure:5745: i686-w64-mingw32-ar cru libconftest.a @conftest.lst >&5
i686-w64-mingw32-ar: conftest.o: No such file or directory
configure:5748: $? = 1
configure:5760: result: @
configure:5778: checking for i686-w64-mingw32-strip
configure:5805: result: i686-w64-mingw32-strip
configure:5877: checking for i686-w64-mingw32-ranlib
configure:5893: found /usr/bin/i686-w64-mingw32-ranlib
configure:5904: result: i686-w64-mingw32-ranlib
configure:6046: checking command to parse /usr/bin/i686-w64-mingw32-nm -B output from i686-w64-mingw32-gcc object
configure:6199: i686-w64-mingw32-gcc -c -g -O2  conftest.c >&5
configure:6202: $? = 0
configure:6206: /usr/bin/i686-w64-mingw32-nm -B conftest.o \| sed -n -e 's/^.*[ ]\([ABCDGIRSTW][ABCDGIRSTW]*\)[ ][ ]*\([_A-Za-z][_A-Za-z0-9]*\)$/\1 \2 \2/p' | sed '/ __gnu_lto/d' \> conftest.nm
configure:6209: $? = 0
cannot find nm_test_var in conftest.nm
configure:6199: i686-w64-mingw32-gcc -c -g -O2  conftest.c >&5
configure:6202: $? = 0
configure:6206: /usr/bin/i686-w64-mingw32-nm -B conftest.o \| sed -n -e 's/^.*[ ]\([ABCDGIRSTW][ABCDGIRSTW]*\)[ ][ ]*_\([_A-Za-z][_A-Za-z0-9]*\)$/\1 _\2 \2/p' | sed '/ __gnu_lto/d' \> conftest.nm
configure:6209: $? = 0
configure:6275: i686-w64-mingw32-gcc -o conftest.exe -g -O2   conftest.c conftstm.o >&5
configure:6278: $? = 0
configure:6316: result: ok
configure:6363: checking for sysroot
configure:6393: result: no
configure:6400: checking for a working dd
configure:6438: result: /usr/bin/dd
configure:6442: checking how to truncate binary pipes
configure:6457: result: /usr/bin/dd bs=4096 count=1
configure:6746: checking for i686-w64-mingw32-mt
configure:6776: result: no
configure:6786: checking for mt
configure:6816: result: no
configure:6836: checking if : is a manifest tool
configure:6842: : '-?'
configure:6850: result: no
configure:7527: checking how to run the C preprocessor
configure:7558: i686-w64-mingw32-gcc -E  conftest.c
configure:7558: $? = 0
configure:7572: i686-w64-mingw32-gcc -E  conftest.c
conftest.c:11:10: fatal error: ac_nonexistent.h: No such file or directory
 #include <ac_nonexistent.h>
          ^~~~~~~~~~~~~~~~~~
compilation terminated.
configure:7572: $? = 1
configure: failed program was:
| /* confdefs.h */
| #define PACKAGE_NAME "alt_logger"
| #define PACKAGE_TARNAME "alt_logger"
| #define PACKAGE_VERSION "3.0.1"
| #define PACKAGE_STRING "alt_logger 3.0.1"
| #define PACKAGE_BUGREPORT "zorak.x86@gmail.com"
| #define PACKAGE_URL ""
| #define PACKAGE "alt_logger"
| #define VERSION "3.0.1"
| /* end confdefs.h.  */
| #include <ac_nonexistent.h>
configure:7597: result: i686-w64-mingw32-gcc -E
configure:7617: i686-w64-mingw32-gcc -E  conftest.c
configure:7617: $? = 0
configure:7631: i686-w64-mingw32-gcc -E  conftest.c
conftest.c:11:10: fatal error: ac_nonexistent.h: No such file or directory
 #include <ac_nonexistent.h>
          ^~~~~~~~~~~~~~~~~~
compilation terminated.
configure:7631: $? = 1
configure: failed program was:
| /* confdefs.h */
| #define PACKAGE_NAME "alt_logger"
| #define PACKAGE_TARNAME "alt_logger"
| #define PACKAGE_VERSION "3.0.1"
| #define PACKAGE_STRING "alt_logger 3.0.1"
| #define PACKAGE_BUGREPORT "zorak.x86@gmail.com"
| #define PACKAGE_URL ""
| #define PACKAGE "alt_logger"
| #define VERSION "3.0.1"
| /* end confdefs.h.  */
| #include <ac_nonexistent.h>
configure:7660: checking for ANSI C header files
configure:7680: i686-w64-mingw32-gcc -c -g -O2  conftest.c >&5
configure:7680: $? = 0
configure:7753: i686-w64-mingw32-gcc -o conftest.exe -g -O2   conftest.c  >&5
configure:7753: $? = 0
configure:7753: ./conftest.exe
configure:7753: $? = 0
configure:7764: result: yes
configure:7777: checking for sys/types.h
configure:7777: i686-w64-mingw32-gcc -c -g -O2  conftest.c >&5
configure:7777: $? = 0
configure:7777: result: yes
configure:7777: checking for sys/stat.h
configure:7777: i686-w64-mingw32-gcc -c -g -O2  conftest.c >&5
configure:7777: $? = 0
configure:7777: result: yes
configure:7777: checking for stdlib.h
configure:7777: i686-w64-mingw32-gcc -c -g -O2  conftest.c >&5
configure:7777: $? = 0
configure:7777: result: yes
configure:7777: checking for string.h
configure:7777: i686-w64-mingw32-gcc -c -g -O2  conftest.c >&5
configure:7777: $? = 0
configure:7777: result: yes
configure:7777: checking for memory.h
configure:7777: i686-w64-mingw32-gcc -c -g -O2  conftest.c >&5
configure:7777: $? = 0
configure:7777: result: yes
configure:7777: checking for strings.h
configure:7777: i686-w64-mingw32-gcc -c -g -O2  conftest.c >&5
configure:7777: $? = 0
configure:7777: result: yes
configure:7777: checking for inttypes.h
configure:7777: i686-w64-mingw32-gcc -c -g -O2  conftest.c >&5
configure:7777: $? = 0
configure:7777: result: yes
configure:7777: checking for stdint.h
configure:7777: i686-w64-mingw32-gcc -c -g -O2  conftest.c >&5
configure:7777: $? = 0
configure:7777: result: yes
configure:7777: checking for unistd.h
configure:7777: i686-w64-mingw32-gcc -c -g -O2  conftest.c >&5
configure:7777: $? = 0
configure:7777: result: yes
configure:7791: checking for dlfcn.h
configure:7791: i686-w64-mingw32-gcc -c -g -O2  conftest.c >&5
configure:7791: $? = 0
configure:7791: result: yes
configure:8047: checking for objdir
configure:8062: result: .libs
configure:8326: checking if i686-w64-mingw32-gcc supports -fno-rtti -fno-exceptions
configure:8344: i686-w64-mingw32-gcc -c -g -O2  -fno-rtti -fno-exceptions conftest.c >&5
cc1: warning: command line option '-fno-rtti' is valid for C++/ObjC++ but not for C
configure:8348: $? = 0
configure:8361: result: no
configure:8719: checking for i686-w64-mingw32-gcc option to produce PIC
configure:8726: result: -DDLL_EXPORT -DPIC
configure:8734: checking if i686-w64-mingw32-gcc PIC flag -DDLL_EXPORT -DPIC works
configure:8752: i686-w64-mingw32-gcc -c -g -O2  -DDLL_EXPORT -DPIC -DPIC conftest.c >&5
configure:8756: $? = 0
configure:8769: result: yes
configure:8798: checking if i686-w64-mingw32-gcc static flag -static works
configure:8826: result: yes
configure:8841: checking if i686-w64-mingw32-gcc supports -c -o file.o
configure:8862: i686-w64-mingw32-gcc -c -g -O2  -o out/conftest2.o conftest.c >&5
configure:8866: $? = 0
configure:8888: result: yes
configure:8896: checking if i686-w64-mingw32-gcc supports -c -o file.o
configure:8943: result: yes
configure:8976: checking whether the i686-w64-mingw32-gcc linker (/usr/i686-w64-mingw32/bin/ld) supports shared libraries
configure:10235: result: yes
configure:10272: checking whether -lc should be explicitly linked in
configure:10280: i686-w64-mingw32-gcc -c -g -O2  conftest.c >&5
configure:10283: $? = 0
configure:10298: i686-w64-mingw32-gcc -shared conftest.o  -v -o ./conftest -Wl,--enable-auto-image-base -Xlinker --out-implib -Xlinker conftest 2\>\&1 \| /usr/bin/grep  -lc  \>/dev/null 2\>\&1
configure:10301: $? = 1
configure:10315: result: yes
configure:10475: checking dynamic linker characteristics
configure:11296: result: Win32 ld.exe
configure:11418: checking how to hardcode library paths into programs
configure:11443: result: immediate
configure:11991: checking whether stripping libraries is possible
configure:11996: result: yes
configure:12031: checking if libtool supports shared libraries
configure:12033: result: yes
configure:12036: checking whether to build shared libraries
configure:12061: result: yes
configure:12064: checking whether to build static libraries
configure:12068: result: yes
configure:12124: checking for i686-w64-mingw32-g++
configure:12140: found /usr/lib64/ccache/i686-w64-mingw32-g++
configure:12151: result: i686-w64-mingw32-g++
configure:12222: checking for C++ compiler version
configure:12231: i686-w64-mingw32-g++ --version >&5
i686-w64-mingw32-g++ (GCC) 8.2.0 20180726 (Fedora MinGW 8.2.0-3.fc29)
Copyright (C) 2018 Free Software Foundation, Inc.
This is free software; see the source for copying conditions.  There is NO
warranty; not even for MERCHANTABILITY or FITNESS FOR A PARTICULAR PURPOSE.

configure:12242: $? = 0
configure:12231: i686-w64-mingw32-g++ -v >&5
Using built-in specs.
COLLECT_GCC=/usr/bin/i686-w64-mingw32-g++
COLLECT_LTO_WRAPPER=/usr/libexec/gcc/i686-w64-mingw32/8.2.0/lto-wrapper
Target: i686-w64-mingw32
Configured with: ../configure --prefix=/usr --bindir=/usr/bin --includedir=/usr/include --mandir=/usr/share/man --infodir=/usr/share/info --datadir=/usr/share --build=x86_64-redhat-linux-gnu --host=x86_64-redhat-linux-gnu --with-gnu-as --with-gnu-ld --verbose --without-newlib --disable-multilib --disable-plugin --with-system-zlib --disable-nls --without-included-gettext --disable-win32-registry --enable-languages=c,c++,objc,obj-c++,fortran --with-bugurl=http://bugzilla.redhat.com/bugzilla --with-cloog --enable-threads=posix --enable-libgomp --target=i686-w64-mingw32 --with-sysroot=/usr/i686-w64-mingw32/sys-root --with-gxx-include-dir=/usr/i686-w64-mingw32/sys-root/mingw/include/c++
Thread model: posix
gcc version 8.2.0 20180726 (Fedora MinGW 8.2.0-3.fc29) (GCC) 
configure:12242: $? = 0
configure:12231: i686-w64-mingw32-g++ -V >&5
i686-w64-mingw32-g++: error: unrecognized command line option '-V'
i686-w64-mingw32-g++: fatal error: no input files
compilation terminated.
configure:12242: $? = 1
configure:12231: i686-w64-mingw32-g++ -qversion >&5
i686-w64-mingw32-g++: error: unrecognized command line option '-qversion'; did you mean '--version'?
i686-w64-mingw32-g++: fatal error: no input files
compilation terminated.
configure:12242: $? = 1
configure:12246: checking whether we are using the GNU C++ compiler
configure:12265: i686-w64-mingw32-g++ -c   conftest.cpp >&5
configure:12265: $? = 0
configure:12274: result: yes
configure:12283: checking whether i686-w64-mingw32-g++ accepts -g
configure:12303: i686-w64-mingw32-g++ -c -g  conftest.cpp >&5
configure:12303: $? = 0
configure:12344: result: yes
configure:12369: checking dependency style of i686-w64-mingw32-g++
configure:12480: result: gcc3
configure:12513: checking how to run the C++ preprocessor
configure:12540: i686-w64-mingw32-g++ -E  conftest.cpp
configure:12540: $? = 0
configure:12554: i686-w64-mingw32-g++ -E  conftest.cpp
conftest.cpp:23:10: fatal error: ac_nonexistent.h: No such file or directory
 #include <ac_nonexistent.h>
          ^~~~~~~~~~~~~~~~~~
compilation terminated.
configure:12554: $? = 1
configure: failed program was:
| /* confdefs.h */
| #define PACKAGE_NAME "alt_logger"
| #define PACKAGE_TARNAME "alt_logger"
| #define PACKAGE_VERSION "3.0.1"
| #define PACKAGE_STRING "alt_logger 3.0.1"
| #define PACKAGE_BUGREPORT "zorak.x86@gmail.com"
| #define PACKAGE_URL ""
| #define PACKAGE "alt_logger"
| #define VERSION "3.0.1"
| #define STDC_HEADERS 1
| #define HAVE_SYS_TYPES_H 1
| #define HAVE_SYS_STAT_H 1
| #define HAVE_STDLIB_H 1
| #define HAVE_STRING_H 1
| #define HAVE_MEMORY_H 1
| #define HAVE_STRINGS_H 1
| #define HAVE_INTTYPES_H 1
| #define HAVE_STDINT_H 1
| #define HAVE_UNISTD_H 1
| #define HAVE_DLFCN_H 1
| #define LT_OBJDIR ".libs/"
| /* end confdefs.h.  */
| #include <ac_nonexistent.h>
configure:12579: result: i686-w64-mingw32-g++ -E
configure:12599: i686-w64-mingw32-g++ -E  conftest.cpp
configure:12599: $? = 0
configure:12613: i686-w64-mingw32-g++ -E  conftest.cpp
conftest.cpp:23:10: fatal error: ac_nonexistent.h: No such file or directory
 #include <ac_nonexistent.h>
          ^~~~~~~~~~~~~~~~~~
compilation terminated.
configure:12613: $? = 1
configure: failed program was:
| /* confdefs.h */
| #define PACKAGE_NAME "alt_logger"
| #define PACKAGE_TARNAME "alt_logger"
| #define PACKAGE_VERSION "3.0.1"
| #define PACKAGE_STRING "alt_logger 3.0.1"
| #define PACKAGE_BUGREPORT "zorak.x86@gmail.com"
| #define PACKAGE_URL ""
| #define PACKAGE "alt_logger"
| #define VERSION "3.0.1"
| #define STDC_HEADERS 1
| #define HAVE_SYS_TYPES_H 1
| #define HAVE_SYS_STAT_H 1
| #define HAVE_STDLIB_H 1
| #define HAVE_STRING_H 1
| #define HAVE_MEMORY_H 1
| #define HAVE_STRINGS_H 1
| #define HAVE_INTTYPES_H 1
| #define HAVE_STDINT_H 1
| #define HAVE_UNISTD_H 1
| #define HAVE_DLFCN_H 1
| #define LT_OBJDIR ".libs/"
| /* end confdefs.h.  */
| #include <ac_nonexistent.h>
configure:12775: checking for ld used by i686-w64-mingw32-g++
configure:12842: result: /usr/i686-w64-mingw32/bin/ld
configure:12849: checking if the linker (/usr/i686-w64-mingw32/bin/ld) is GNU ld
configure:12864: result: yes
configure:12919: checking whether the i686-w64-mingw32-g++ linker (/usr/i686-w64-mingw32/bin/ld) supports shared libraries
configure:13992: result: yes
configure:14028: i686-w64-mingw32-g++ -c -g -O2  conftest.cpp >&5
configure:14031: $? = 0
configure:14512: checking for i686-w64-mingw32-g++ option to produce PIC
configure:14519: result: -DDLL_EXPORT -DPIC
configure:14527: checking if i686-w64-mingw32-g++ PIC flag -DDLL_EXPORT -DPIC works
configure:14545: i686-w64-mingw32-g++ -c -g -O2  -DDLL_EXPORT -DPIC -DPIC conftest.cpp >&5
configure:14549: $? = 0
configure:14562: result: yes
configure:14585: checking if i686-w64-mingw32-g++ static flag -static works
configure:14613: result: yes
configure:14625: checking if i686-w64-mingw32-g++ supports -c -o file.o
configure:14646: i686-w64-mingw32-g++ -c -g -O2  -o out/conftest2.o conftest.cpp >&5
configure:14650: $? = 0
configure:14672: result: yes
configure:14677: checking if i686-w64-mingw32-g++ supports -c -o file.o
configure:14724: result: yes
configure:14754: checking whether the i686-w64-mingw32-g++ linker (/usr/i686-w64-mingw32/bin/ld) supports shared libraries
configure:14794: result: yes
configure:14935: checking dynamic linker characteristics
configure:15683: result: Win32 ld.exe
configure:15748: checking how to hardcode library paths into programs
configure:15773: result: immediate
configure:15816: checking for ANSI C header files
configure:15920: result: yes
configure:15930: checking alt_mutex/locker_mutex.h usability
configure:15930: i686-w64-mingw32-gcc -c -g -O2  conftest.c >&5
conftest.c:57:10: fatal error: alt_mutex/locker_mutex.h: No such file or directory
 #include <alt_mutex/locker_mutex.h>
          ^~~~~~~~~~~~~~~~~~~~~~~~~~
compilation terminated.
configure:15930: $? = 1
configure: failed program was:
| /* confdefs.h */
| #define PACKAGE_NAME "alt_logger"
| #define PACKAGE_TARNAME "alt_logger"
| #define PACKAGE_VERSION "3.0.1"
| #define PACKAGE_STRING "alt_logger 3.0.1"
| #define PACKAGE_BUGREPORT "zorak.x86@gmail.com"
| #define PACKAGE_URL ""
| #define PACKAGE "alt_logger"
| #define VERSION "3.0.1"
| #define STDC_HEADERS 1
| #define HAVE_SYS_TYPES_H 1
| #define HAVE_SYS_STAT_H 1
| #define HAVE_STDLIB_H 1
| #define HAVE_STRING_H 1
| #define HAVE_MEMORY_H 1
| #define HAVE_STRINGS_H 1
| #define HAVE_INTTYPES_H 1
| #define HAVE_STDINT_H 1
| #define HAVE_UNISTD_H 1
| #define HAVE_DLFCN_H 1
| #define LT_OBJDIR ".libs/"
| #define STDC_HEADERS 1
| /* end confdefs.h.  */
| #include <stdio.h>
| #ifdef HAVE_SYS_TYPES_H
| # include <sys/types.h>
| #endif
| #ifdef HAVE_SYS_STAT_H
| # include <sys/stat.h>
| #endif
| #ifdef STDC_HEADERS
| # include <stdlib.h>
| # include <stddef.h>
| #else
| # ifdef HAVE_STDLIB_H
| #  include <stdlib.h>
| # endif
| #endif
| #ifdef HAVE_STRING_H
| # if !defined STDC_HEADERS && defined HAVE_MEMORY_H
| #  include <memory.h>
| # endif
| # include <string.h>
| #endif
| #ifdef HAVE_STRINGS_H
| # include <strings.h>
| #endif
| #ifdef HAVE_INTTYPES_H
| # include <inttypes.h>
| #endif
| #ifdef HAVE_STDINT_H
| # include <stdint.h>
| #endif
| #ifdef HAVE_UNISTD_H
| # include <unistd.h>
| #endif
| #include <alt_mutex/locker_mutex.h>
configure:15930: result: no
configure:15930: checking alt_mutex/locker_mutex.h presence
configure:15930: i686-w64-mingw32-gcc -E  conftest.c
conftest.c:24:10: fatal error: alt_mutex/locker_mutex.h: No such file or directory
 #include <alt_mutex/locker_mutex.h>
          ^~~~~~~~~~~~~~~~~~~~~~~~~~
compilation terminated.
configure:15930: $? = 1
configure: failed program was:
| /* confdefs.h */
| #define PACKAGE_NAME "alt_logger"
| #define PACKAGE_TARNAME "alt_logger"
| #define PACKAGE_VERSION "3.0.1"
| #define PACKAGE_STRING "alt_logger 3.0.1"
| #define PACKAGE_BUGREPORT "zorak.x86@gmail.com"
| #define PACKAGE_URL ""
| #define PACKAGE "alt_logger"
| #define VERSION "3.0.1"
| #define STDC_HEADERS 1
| #define HAVE_SYS_TYPES_H 1
| #define HAVE_SYS_STAT_H 1
| #define HAVE_STDLIB_H 1
| #define HAVE_STRING_H 1
| #define HAVE_MEMORY_H 1
| #define HAVE_STRINGS_H 1
| #define HAVE_INTTYPES_H 1
| #define HAVE_STDINT_H 1
| #define HAVE_UNISTD_H 1
| #define HAVE_DLFCN_H 1
| #define LT_OBJDIR ".libs/"
| #define STDC_HEADERS 1
| /* end confdefs.h.  */
| #include <alt_mutex/locker_mutex.h>
configure:15930: result: no
configure:15930: checking for alt_mutex/locker_mutex.h
configure:15930: result: no
configure:15942: checking alt_mutex/mutex_instance.h usability
configure:15942: i686-w64-mingw32-gcc -c -g -O2  conftest.c >&5
conftest.c:57:10: fatal error: alt_mutex/mutex_instance.h: No such file or directory
 #include <alt_mutex/mutex_instance.h>
          ^~~~~~~~~~~~~~~~~~~~~~~~~~~~
compilation terminated.
configure:15942: $? = 1
configure: failed program was:
| /* confdefs.h */
| #define PACKAGE_NAME "alt_logger"
| #define PACKAGE_TARNAME "alt_logger"
| #define PACKAGE_VERSION "3.0.1"
| #define PACKAGE_STRING "alt_logger 3.0.1"
| #define PACKAGE_BUGREPORT "zorak.x86@gmail.com"
| #define PACKAGE_URL ""
| #define PACKAGE "alt_logger"
| #define VERSION "3.0.1"
| #define STDC_HEADERS 1
| #define HAVE_SYS_TYPES_H 1
| #define HAVE_SYS_STAT_H 1
| #define HAVE_STDLIB_H 1
| #define HAVE_STRING_H 1
| #define HAVE_MEMORY_H 1
| #define HAVE_STRINGS_H 1
| #define HAVE_INTTYPES_H 1
| #define HAVE_STDINT_H 1
| #define HAVE_UNISTD_H 1
| #define HAVE_DLFCN_H 1
| #define LT_OBJDIR ".libs/"
| #define STDC_HEADERS 1
| /* end confdefs.h.  */
| #include <stdio.h>
| #ifdef HAVE_SYS_TYPES_H
| # include <sys/types.h>
| #endif
| #ifdef HAVE_SYS_STAT_H
| # include <sys/stat.h>
| #endif
| #ifdef STDC_HEADERS
| # include <stdlib.h>
| # include <stddef.h>
| #else
| # ifdef HAVE_STDLIB_H
| #  include <stdlib.h>
| # endif
| #endif
| #ifdef HAVE_STRING_H
| # if !defined STDC_HEADERS && defined HAVE_MEMORY_H
| #  include <memory.h>
| # endif
| # include <string.h>
| #endif
| #ifdef HAVE_STRINGS_H
| # include <strings.h>
| #endif
| #ifdef HAVE_INTTYPES_H
| # include <inttypes.h>
| #endif
| #ifdef HAVE_STDINT_H
| # include <stdint.h>
| #endif
| #ifdef HAVE_UNISTD_H
| # include <unistd.h>
| #endif
| #include <alt_mutex/mutex_instance.h>
configure:15942: result: no
configure:15942: checking alt_mutex/mutex_instance.h presence
configure:15942: i686-w64-mingw32-gcc -E  conftest.c
conftest.c:24:10: fatal error: alt_mutex/mutex_instance.h: No such file or directory
 #include <alt_mutex/mutex_instance.h>
          ^~~~~~~~~~~~~~~~~~~~~~~~~~~~
compilation terminated.
configure:15942: $? = 1
configure: failed program was:
| /* confdefs.h */
| #define PACKAGE_NAME "alt_logger"
| #define PACKAGE_TARNAME "alt_logger"
| #define PACKAGE_VERSION "3.0.1"
| #define PACKAGE_STRING "alt_logger 3.0.1"
| #define PACKAGE_BUGREPORT "zorak.x86@gmail.com"
| #define PACKAGE_URL ""
| #define PACKAGE "alt_logger"
| #define VERSION "3.0.1"
| #define STDC_HEADERS 1
| #define HAVE_SYS_TYPES_H 1
| #define HAVE_SYS_STAT_H 1
| #define HAVE_STDLIB_H 1
| #define HAVE_STRING_H 1
| #define HAVE_MEMORY_H 1
| #define HAVE_STRINGS_H 1
| #define HAVE_INTTYPES_H 1
| #define HAVE_STDINT_H 1
| #define HAVE_UNISTD_H 1
| #define HAVE_DLFCN_H 1
| #define LT_OBJDIR ".libs/"
| #define STDC_HEADERS 1
| /* end confdefs.h.  */
| #include <alt_mutex/mutex_instance.h>
configure:15942: result: no
configure:15942: checking for alt_mutex/mutex_instance.h
configure:15942: result: no
configure:15954: checking pwd.h usability
configure:15954: i686-w64-mingw32-gcc -c -g -O2  conftest.c >&5
conftest.c:57:10: fatal error: pwd.h: No such file or directory
 #include <pwd.h>
          ^~~~~~~
compilation terminated.
configure:15954: $? = 1
configure: failed program was:
| /* confdefs.h */
| #define PACKAGE_NAME "alt_logger"
| #define PACKAGE_TARNAME "alt_logger"
| #define PACKAGE_VERSION "3.0.1"
| #define PACKAGE_STRING "alt_logger 3.0.1"
| #define PACKAGE_BUGREPORT "zorak.x86@gmail.com"
| #define PACKAGE_URL ""
| #define PACKAGE "alt_logger"
| #define VERSION "3.0.1"
| #define STDC_HEADERS 1
| #define HAVE_SYS_TYPES_H 1
| #define HAVE_SYS_STAT_H 1
| #define HAVE_STDLIB_H 1
| #define HAVE_STRING_H 1
| #define HAVE_MEMORY_H 1
| #define HAVE_STRINGS_H 1
| #define HAVE_INTTYPES_H 1
| #define HAVE_STDINT_H 1
| #define HAVE_UNISTD_H 1
| #define HAVE_DLFCN_H 1
| #define LT_OBJDIR ".libs/"
| #define STDC_HEADERS 1
| /* end confdefs.h.  */
| #include <stdio.h>
| #ifdef HAVE_SYS_TYPES_H
| # include <sys/types.h>
| #endif
| #ifdef HAVE_SYS_STAT_H
| # include <sys/stat.h>
| #endif
| #ifdef STDC_HEADERS
| # include <stdlib.h>
| # include <stddef.h>
| #else
| # ifdef HAVE_STDLIB_H
| #  include <stdlib.h>
| # endif
| #endif
| #ifdef HAVE_STRING_H
| # if !defined STDC_HEADERS && defined HAVE_MEMORY_H
| #  include <memory.h>
| # endif
| # include <string.h>
| #endif
| #ifdef HAVE_STRINGS_H
| # include <strings.h>
| #endif
| #ifdef HAVE_INTTYPES_H
| # include <inttypes.h>
| #endif
| #ifdef HAVE_STDINT_H
| # include <stdint.h>
| #endif
| #ifdef HAVE_UNISTD_H
| # include <unistd.h>
| #endif
| #include <pwd.h>
configure:15954: result: no
configure:15954: checking pwd.h presence
configure:15954: i686-w64-mingw32-gcc -E  conftest.c
conftest.c:24:10: fatal error: pwd.h: No such file or directory
 #include <pwd.h>
          ^~~~~~~
compilation terminated.
configure:15954: $? = 1
configure: failed program was:
| /* confdefs.h */
| #define PACKAGE_NAME "alt_logger"
| #define PACKAGE_TARNAME "alt_logger"
| #define PACKAGE_VERSION "3.0.1"
| #define PACKAGE_STRING "alt_logger 3.0.1"
| #define PACKAGE_BUGREPORT "zorak.x86@gmail.com"
| #define PACKAGE_URL ""
| #define PACKAGE "alt_logger"
| #define VERSION "3.0.1"
| #define STDC_HEADERS 1
| #define HAVE_SYS_TYPES_H 1
| #define HAVE_SYS_STAT_H 1
| #define HAVE_STDLIB_H 1
| #define HAVE_STRING_H 1
| #define HAVE_MEMORY_H 1
| #define HAVE_STRINGS_H 1
| #define HAVE_INTTYPES_H 1
| #define HAVE_STDINT_H 1
| #define HAVE_UNISTD_H 1
| #define HAVE_DLFCN_H 1
| #define LT_OBJDIR ".libs/"
| #define STDC_HEADERS 1
| /* end confdefs.h.  */
| #include <pwd.h>
configure:15954: result: no
configure:15954: checking for pwd.h
configure:15954: result: no
configure:15966: checking stdarg.h usability
configure:15966: i686-w64-mingw32-gcc -c -g -O2  conftest.c >&5
configure:15966: $? = 0
configure:15966: result: yes
configure:15966: checking stdarg.h presence
configure:15966: i686-w64-mingw32-gcc -E  conftest.c
configure:15966: $? = 0
configure:15966: result: yes
configure:15966: checking for stdarg.h
configure:15966: result: yes
configure:15978: checking stdio.h usability
configure:15978: i686-w64-mingw32-gcc -c -g -O2  conftest.c >&5
configure:15978: $? = 0
configure:15978: result: yes
configure:15978: checking stdio.h presence
configure:15978: i686-w64-mingw32-gcc -E  conftest.c
configure:15978: $? = 0
configure:15978: result: yes
configure:15978: checking for stdio.h
configure:15978: result: yes
configure:15990: checking for string.h
configure:15990: result: yes
configure:16002: checking syslog.h usability
configure:16002: i686-w64-mingw32-gcc -c -g -O2  conftest.c >&5
conftest.c:60:10: fatal error: syslog.h: No such file or directory
 #include <syslog.h>
          ^~~~~~~~~~
compilation terminated.
configure:16002: $? = 1
configure: failed program was:
| /* confdefs.h */
| #define PACKAGE_NAME "alt_logger"
| #define PACKAGE_TARNAME "alt_logger"
| #define PACKAGE_VERSION "3.0.1"
| #define PACKAGE_STRING "alt_logger 3.0.1"
| #define PACKAGE_BUGREPORT "zorak.x86@gmail.com"
| #define PACKAGE_URL ""
| #define PACKAGE "alt_logger"
| #define VERSION "3.0.1"
| #define STDC_HEADERS 1
| #define HAVE_SYS_TYPES_H 1
| #define HAVE_SYS_STAT_H 1
| #define HAVE_STDLIB_H 1
| #define HAVE_STRING_H 1
| #define HAVE_MEMORY_H 1
| #define HAVE_STRINGS_H 1
| #define HAVE_INTTYPES_H 1
| #define HAVE_STDINT_H 1
| #define HAVE_UNISTD_H 1
| #define HAVE_DLFCN_H 1
| #define LT_OBJDIR ".libs/"
| #define STDC_HEADERS 1
| #define HAVE_STDARG_H 1
| #define HAVE_STDIO_H 1
| #define HAVE_STRING_H 1
| /* end confdefs.h.  */
| #include <stdio.h>
| #ifdef HAVE_SYS_TYPES_H
| # include <sys/types.h>
| #endif
| #ifdef HAVE_SYS_STAT_H
| # include <sys/stat.h>
| #endif
| #ifdef STDC_HEADERS
| # include <stdlib.h>
| # include <stddef.h>
| #else
| # ifdef HAVE_STDLIB_H
| #  include <stdlib.h>
| # endif
| #endif
| #ifdef HAVE_STRING_H
| # if !defined STDC_HEADERS && defined HAVE_MEMORY_H
| #  include <memory.h>
| # endif
| # include <string.h>
| #endif
| #ifdef HAVE_STRINGS_H
| # include <strings.h>
| #endif
| #ifdef HAVE_INTTYPES_H
| # include <inttypes.h>
| #endif
| #ifdef HAVE_STDINT_H
| # include <stdint.h>
| #endif
| #ifdef HAVE_UNISTD_H
| # include <unistd.h>
| #endif
| #include <syslog.h>
configure:16002: result: no
configure:16002: checking syslog.h presence
configure:16002: i686-w64-mingw32-gcc -E  conftest.c
conftest.c:27:10: fatal error: syslog.h: No such file or directory
 #include <syslog.h>
          ^~~~~~~~~~
compilation terminated.
configure:16002: $? = 1
configure: failed program was:
| /* confdefs.h */
| #define PACKAGE_NAME "alt_logger"
| #define PACKAGE_TARNAME "alt_logger"
| #define PACKAGE_VERSION "3.0.1"
| #define PACKAGE_STRING "alt_logger 3.0.1"
| #define PACKAGE_BUGREPORT "zorak.x86@gmail.com"
| #define PACKAGE_URL ""
| #define PACKAGE "alt_logger"
| #define VERSION "3.0.1"
| #define STDC_HEADERS 1
| #define HAVE_SYS_TYPES_H 1
| #define HAVE_SYS_STAT_H 1
| #define HAVE_STDLIB_H 1
| #define HAVE_STRING_H 1
| #define HAVE_MEMORY_H 1
| #define HAVE_STRINGS_H 1
| #define HAVE_INTTYPES_H 1
| #define HAVE_STDINT_H 1
| #define HAVE_UNISTD_H 1
| #define HAVE_DLFCN_H 1
| #define LT_OBJDIR ".libs/"
| #define STDC_HEADERS 1
| #define HAVE_STDARG_H 1
| #define HAVE_STDIO_H 1
| #define HAVE_STRING_H 1
| /* end confdefs.h.  */
| #include <syslog.h>
configure:16002: result: no
configure:16002: checking for syslog.h
configure:16002: result: no
configure:16014: checking for sys/stat.h
configure:16014: result: yes
configure:16026: checking for sys/types.h
configure:16026: result: yes
configure:16038: checking time.h usability
configure:16038: i686-w64-mingw32-gcc -c -g -O2  conftest.c >&5
configure:16038: $? = 0
configure:16038: result: yes
configure:16038: checking time.h presence
configure:16038: i686-w64-mingw32-gcc -E  conftest.c
configure:16038: $? = 0
configure:16038: result: yes
configure:16038: checking for time.h
configure:16038: result: yes
configure:16050: checking for unistd.h
configure:16050: result: yes
configure:16062: checking for an ANSI C-conforming const
configure:16128: i686-w64-mingw32-gcc -c -g -O2  conftest.c >&5
configure:16128: $? = 0
configure:16135: result: yes
configure:16147: checking for stdlib.h
configure:16147: result: yes
configure:16157: checking for GNU libc compatible malloc
configure:16181: i686-w64-mingw32-gcc -o conftest.exe -g -O2   conftest.c  >&5
configure:16181: $? = 0
configure:16181: ./conftest.exe
configure:16181: $? = 0
configure:16191: result: yes
configure:16402: checking for SQLite3 library >= 3.0.0
configure:16451: i686-w64-mingw32-gcc -c -g -O2  -I/usr/include conftest.c >&5
configure:16451: $? = 0
configure:16453: result: yes
configure:16655: checking that generated files are newer than configure
configure:16661: result: done
configure:16692: creating ./config.status

## ---------------------- ##
## Running config.status. ##
## ---------------------- ##

This file was extended by alt_logger config.status 3.0.1, which was
generated by GNU Autoconf 2.69.  Invocation command line was

  CONFIG_FILES    = 
  CONFIG_HEADERS  = 
  CONFIG_LINKS    = 
  CONFIG_COMMANDS = 
  $ ./config.status 

on tesseract

config.status:1097: creating Makefile
config.status:1097: creating src/Makefile
config.status:1269: executing depfiles commands
config.status:1346: cd src       && sed -e '/# am--include-marker/d' Makefile         | make -f - am--depfiles
make: Nothing to be done for 'am--depfiles'.
config.status:1351: $? = 0
config.status:1269: executing libtool commands

## ---------------- ##
## Cache variables. ##
## ---------------- ##

ac_cv_build=x86_64-pc-linux-gnu
ac_cv_c_compiler_gnu=yes
ac_cv_c_const=yes
ac_cv_cxx_compiler_gnu=yes
ac_cv_env_CCC_set=
ac_cv_env_CCC_value=
ac_cv_env_CC_set=
ac_cv_env_CC_value=
ac_cv_env_CFLAGS_set=
ac_cv_env_CFLAGS_value=
ac_cv_env_CPPFLAGS_set=
ac_cv_env_CPPFLAGS_value=
ac_cv_env_CPP_set=
ac_cv_env_CPP_value=
ac_cv_env_CXXCPP_set=
ac_cv_env_CXXCPP_value=
ac_cv_env_CXXFLAGS_set=
ac_cv_env_CXXFLAGS_value=
ac_cv_env_CXX_set=
ac_cv_env_CXX_value=
ac_cv_env_LDFLAGS_set=
ac_cv_env_LDFLAGS_value=
ac_cv_env_LIBS_set=
ac_cv_env_LIBS_value=
ac_cv_env_LT_SYS_LIBRARY_PATH_set=
ac_cv_env_LT_SYS_LIBRARY_PATH_value=
ac_cv_env_build_alias_set=
ac_cv_env_build_alias_value=
ac_cv_env_host_alias_set=set
ac_cv_env_host_alias_value=i686-w64-mingw32
ac_cv_env_target_alias_set=
ac_cv_env_target_alias_value=
ac_cv_exeext=.exe
ac_cv_func_malloc_0_nonnull=yes
ac_cv_header_alt_mutex_locker_mutex_h=no
ac_cv_header_alt_mutex_mutex_instance_h=no
ac_cv_header_dlfcn_h=yes
ac_cv_header_inttypes_h=yes
ac_cv_header_memory_h=yes
ac_cv_header_pwd_h=no
ac_cv_header_stdarg_h=yes
ac_cv_header_stdc=yes
ac_cv_header_stdint_h=yes
ac_cv_header_stdio_h=yes
ac_cv_header_stdlib_h=yes
ac_cv_header_string_h=yes
ac_cv_header_strings_h=yes
ac_cv_header_sys_stat_h=yes
ac_cv_header_sys_types_h=yes
ac_cv_header_syslog_h=no
ac_cv_header_time_h=yes
ac_cv_header_unistd_h=yes
ac_cv_host=i686-w64-mingw32
ac_cv_objext=o
ac_cv_path_EGREP='/usr/bin/grep -E'
ac_cv_path_FGREP='/usr/bin/grep -F'
ac_cv_path_GREP=/usr/bin/grep
ac_cv_path_SED=/usr/bin/sed
ac_cv_path_install='/usr/bin/install -c'
ac_cv_path_lt_DD=/usr/bin/dd
ac_cv_path_mkdir=/usr/bin/mkdir
ac_cv_prog_AR=i686-w64-mingw32-ar
ac_cv_prog_AWK=gawk
ac_cv_prog_CC=i686-w64-mingw32-gcc
ac_cv_prog_CPP='i686-w64-mingw32-gcc -E'
ac_cv_prog_CXX=i686-w64-mingw32-g++
ac_cv_prog_CXXCPP='i686-w64-mingw32-g++ -E'
ac_cv_prog_DLLTOOL=i686-w64-mingw32-dlltool
ac_cv_prog_OBJDUMP=i686-w64-mingw32-objdump
ac_cv_prog_RANLIB=i686-w64-mingw32-ranlib
ac_cv_prog_STRIP=i686-w64-mingw32-strip
ac_cv_prog_cc_c89=
ac_cv_prog_cc_g=yes
ac_cv_prog_cxx_g=yes
ac_cv_prog_make_make_set=yes
am_cv_CC_dependencies_compiler_type=gcc3
am_cv_CXX_dependencies_compiler_type=gcc3
am_cv_make_support_nested_variables=yes
am_cv_prog_cc_c_o=yes
lt_cv_ar_at_file=@
lt_cv_archive_cmds_need_lc=yes
lt_cv_deplibs_check_method='file_magic ^x86 archive import|^x86 DLL'
lt_cv_file_magic_cmd=func_win32_libid
lt_cv_file_magic_test_file=
lt_cv_ld_reload_flag=-r
lt_cv_nm_interface='BSD nm'
lt_cv_objdir=.libs
lt_cv_path_LD=/usr/i686-w64-mingw32/bin/ld
lt_cv_path_LDCXX=/usr/i686-w64-mingw32/bin/ld
lt_cv_path_NM='/usr/bin/i686-w64-mingw32-nm -B'
lt_cv_path_mainfest_tool=no
lt_cv_prog_compiler_c_o=yes
lt_cv_prog_compiler_c_o_CXX=yes
lt_cv_prog_compiler_pic='-DDLL_EXPORT -DPIC'
lt_cv_prog_compiler_pic_CXX='-DDLL_EXPORT -DPIC'
lt_cv_prog_compiler_pic_works=yes
lt_cv_prog_compiler_pic_works_CXX=yes
lt_cv_prog_compiler_rtti_exceptions=no
lt_cv_prog_compiler_static_works=yes
lt_cv_prog_compiler_static_works_CXX=yes
lt_cv_prog_gnu_ld=yes
lt_cv_prog_gnu_ldcxx=yes
lt_cv_sharedlib_from_linklib_cmd=func_cygming_dll_for_implib
lt_cv_sys_global_symbol_pipe='sed -n -e '\''s/^.*[	 ]\([ABCDGIRSTW][ABCDGIRSTW]*\)[	 ][	 ]*_\([_A-Za-z][_A-Za-z0-9]*\)$/\1 _\2 \2/p'\'' | sed '\''/ __gnu_lto/d'\'''
lt_cv_sys_global_symbol_to_c_name_address='sed -n -e '\''s/^: \(.*\) .*$/  {"\1", (void *) 0},/p'\'' -e '\''s/^[ABCDGIRSTW][ABCDGIRSTW]* .* \(.*\)$/  {"\1", (void *) \&\1},/p'\'''
lt_cv_sys_global_symbol_to_c_name_address_lib_prefix='sed -n -e '\''s/^: \(.*\) .*$/  {"\1", (void *) 0},/p'\'' -e '\''s/^[ABCDGIRSTW][ABCDGIRSTW]* .* \(lib.*\)$/  {"\1", (void *) \&\1},/p'\'' -e '\''s/^[ABCDGIRSTW][ABCDGIRSTW]* .* \(.*\)$/  {"lib\1", (void *) \&\1},/p'\'''
lt_cv_sys_global_symbol_to_cdecl='sed -n -e '\''s/^T .* \(.*\)$/extern int \1();/p'\'' -e '\''s/^[ABCDGIRSTW][ABCDGIRSTW]* .* \(.*\)$/extern char \1;/p'\'''
lt_cv_sys_global_symbol_to_import=
lt_cv_sys_max_cmd_len=1572864
lt_cv_to_host_file_cmd=func_convert_file_nix_to_w32
lt_cv_to_tool_file_cmd=func_convert_file_noop
lt_cv_truncate_bin='/usr/bin/dd bs=4096 count=1'

## ----------------- ##
## Output variables. ##
## ----------------- ##

ACLOCAL='${SHELL} /home/dev.zorak/projects/libAltOID_Logger/missing aclocal-1.16'
AMDEPBACKSLASH='\'
AMDEP_FALSE='#'
AMDEP_TRUE=''
AMTAR='$${TAR-tar}'
AM_BACKSLASH='\'
AM_DEFAULT_V='$(AM_DEFAULT_VERBOSITY)'
AM_DEFAULT_VERBOSITY='1'
AM_V='$(V)'
AR='i686-w64-mingw32-ar'
AUTOCONF='${SHELL} /home/dev.zorak/projects/libAltOID_Logger/missing autoconf'
AUTOHEADER='${SHELL} /home/dev.zorak/projects/libAltOID_Logger/missing autoheader'
AUTOMAKE='${SHELL} /home/dev.zorak/projects/libAltOID_Logger/missing automake-1.16'
AWK='gawk'
CC='i686-w64-mingw32-gcc'
CCDEPMODE='depmode=gcc3'
CFLAGS='-g -O2'
CPP='i686-w64-mingw32-gcc -E'
CPPFLAGS=''
CXX='i686-w64-mingw32-g++'
CXXCPP='i686-w64-mingw32-g++ -E'
CXXDEPMODE='depmode=gcc3'
CXXFLAGS='-g -O2'
CYGPATH_W='echo'
DEFS='-DPACKAGE_NAME=\"alt_logger\" -DPACKAGE_TARNAME=\"alt_logger\" -DPACKAGE_VERSION=\"3.0.1\" -DPACKAGE_STRING=\"alt_logger\ 3.0.1\" -DPACKAGE_BUGREPORT=\"zorak.x86@gmail.com\" -DPACKAGE_URL=\"\" -DPACKAGE=\"alt_logger\" -DVERSION=\"3.0.1\" -DSTDC_HEADERS=1 -DHAVE_SYS_TYPES_H=1 -DHAVE_SYS_STAT_H=1 -DHAVE_STDLIB_H=1 -DHAVE_STRING_H=1 -DHAVE_MEMORY_H=1 -DHAVE_STRINGS_H=1 -DHAVE_INTTYPES_H=1 -DHAVE_STDINT_H=1 -DHAVE_UNISTD_H=1 -DHAVE_DLFCN_H=1 -DLT_OBJDIR=\".libs/\" -DSTDC_HEADERS=1 -DHAVE_STDARG_H=1 -DHAVE_STDIO_H=1 -DHAVE_STRING_H=1 -DHAVE_SYS_STAT_H=1 -DHAVE_SYS_TYPES_H=1 -DHAVE_TIME_H=1 -DHAVE_UNISTD_H=1 -DHAVE_STDLIB_H=1 -DHAVE_MALLOC=1 -DHAVE_SQLITE3=/\*\*/'
DEPDIR='.deps'
DLLTOOL='i686-w64-mingw32-dlltool'
DSYMUTIL=''
DUMPBIN=''
ECHO_C=''
ECHO_N='-n'
ECHO_T=''
EGREP='/usr/bin/grep -E'
EXEEXT='.exe'
FGREP='/usr/bin/grep -F'
GREP='/usr/bin/grep'
INSTALL_DATA='${INSTALL} -m 644'
INSTALL_PROGRAM='${INSTALL}'
INSTALL_SCRIPT='${INSTALL}'
INSTALL_STRIP_PROGRAM='$(install_sh) -c -s'
LD='/usr/i686-w64-mingw32/bin/ld'
LDFLAGS=''
LIBOBJS=''
LIBS=''
LIBTOOL='$(SHELL) $(top_builddir)/libtool'
LIPO=''
LN_S='ln -s'
LTLIBOBJS=''
LT_SYS_LIBRARY_PATH=''
MAINT='#'
MAINTAINER_MODE_FALSE=''
MAINTAINER_MODE_TRUE='#'
MAKEINFO='${SHELL} /home/dev.zorak/projects/libAltOID_Logger/missing makeinfo'
MANIFEST_TOOL=':'
MKDIR_P='/usr/bin/mkdir -p'
NM='/usr/bin/i686-w64-mingw32-nm -B'
NMEDIT=''
OBJDUMP='i686-w64-mingw32-objdump'
OBJEXT='o'
OTOOL64=''
OTOOL=''
PACKAGE='alt_logger'
PACKAGE_BUGREPORT='zorak.x86@gmail.com'
PACKAGE_NAME='alt_logger'
PACKAGE_STRING='alt_logger 3.0.1'
PACKAGE_TARNAME='alt_logger'
PACKAGE_URL=''
PACKAGE_VERSION='3.0.1'
PATH_SEPARATOR=':'
RANLIB='i686-w64-mingw32-ranlib'
SED='/usr/bin/sed'
SET_MAKE=''
SHELL='/bin/sh'
SQLITE3_CFLAGS='-I/usr/include'
SQLITE3_LDFLAGS='-L/usr/lib -lsqlite3'
SQLITE3_VERSION='3.24.0'
STRIP='i686-w64-mingw32-strip'
VERSION='3.0.1'
ac_ct_AR=''
ac_ct_CC=''
ac_ct_CXX=''
ac_ct_DUMPBIN=''
am__EXEEXT_FALSE='#'
am__EXEEXT_TRUE=''
am__fastdepCC_FALSE='#'
am__fastdepCC_TRUE=''
am__fastdepCXX_FALSE='#'
am__fastdepCXX_TRUE=''
am__include='include'
am__isrc=''
am__leading_dot='.'
am__nodep='_no'
am__quote=''
am__tar='$${TAR-tar} chof - "$$tardir"'
am__untar='$${TAR-tar} xf -'
bindir='${exec_prefix}/bin'
build='x86_64-pc-linux-gnu'
build_alias=''
build_cpu='x86_64'
build_os='linux-gnu'
build_vendor='pc'
datadir='${datarootdir}'
datarootdir='${prefix}/share'
docdir='${datarootdir}/doc/${PACKAGE_TARNAME}'
dvidir='${docdir}'
exec_prefix='${prefix}'
host='i686-w64-mingw32'
host_alias='i686-w64-mingw32'
host_cpu='i686'
host_os='mingw32'
host_vendor='w64'
htmldir='${docdir}'
includedir='${prefix}/include'
infodir='${datarootdir}/info'
install_sh='${SHELL} /home/dev.zorak/projects/libAltOID_Logger/install-sh'
libdir='${exec_prefix}/lib'
libexecdir='${exec_prefix}/libexec'
localedir='${datarootdir}/locale'
localstatedir='${prefix}/var'
mandir='${datarootdir}/man'
mkdir_p='$(MKDIR_P)'
oldincludedir='/usr/include'
pdfdir='${docdir}'
prefix='/home/shared/ROOTWIN'
program_transform_name='s,x,x,'
psdir='${docdir}'
sbindir='${exec_prefix}/sbin'
sharedstatedir='${prefix}/com'
sysconfdir='${prefix}/etc'
target_alias=''
version_info='3:1:0'

## ----------- ##
## confdefs.h. ##
## ----------- ##

/* confdefs.h */
#define PACKAGE_NAME "alt_logger"
#define PACKAGE_TARNAME "alt_logger"
#define PACKAGE_VERSION "3.0.1"
#define PACKAGE_STRING "alt_logger 3.0.1"
#define PACKAGE_BUGREPORT "zorak.x86@gmail.com"
#define PACKAGE_URL ""
#define PACKAGE "alt_logger"
#define VERSION "3.0.1"
#define STDC_HEADERS 1
#define HAVE_SYS_TYPES_H 1
#define HAVE_SYS_STAT_H 1
#define HAVE_STDLIB_H 1
#define HAVE_STRING_H 1
#define HAVE_MEMORY_H 1
#define HAVE_STRINGS_H 1
#define HAVE_INTTYPES_H 1
#define HAVE_STDINT_H 1
#define HAVE_UNISTD_H 1
#define HAVE_DLFCN_H 1
#define LT_OBJDIR ".libs/"
#define STDC_HEADERS 1
#define HAVE_STDARG_H 1
#define HAVE_STDIO_H 1
#define HAVE_STRING_H 1
#define HAVE_SYS_STAT_H 1
#define HAVE_SYS_TYPES_H 1
#define HAVE_TIME_H 1
#define HAVE_UNISTD_H 1
#define HAVE_STDLIB_H 1
#define HAVE_MALLOC 1
#define HAVE_SQLITE3 /**/

configure: exit 0
